-------------------------------------------------------------------------------
Test set: ru.greendata.tests.BankControllerTest
-------------------------------------------------------------------------------
Tests run: 2, Failures: 1, Errors: 0, Skipped: 0, Time elapsed: 6.616 s <<< FAILURE! - in ru.greendata.tests.BankControllerTest
getFilteredBanksList(ru.greendata.tests.BankControllerTest)  Time elapsed: 0.078 s  <<< FAILURE!
java.lang.AssertionError: expected:<200> but was:<400>
	at ru.greendata.tests.BankControllerTest.getFilteredBanksList(BankControllerTest.java:105)

