<?xml version="1.0" encoding="UTF-8"?>
<testsuite xmlns:xsi="http://www.w3.org/2001/XMLSchema-instance" xsi:noNamespaceSchemaLocation="https://maven.apache.org/surefire/maven-surefire-plugin/xsd/surefire-test-report.xsd" name="ru.greendata.tests.BankControllerTest" time="6.616" tests="2" errors="0" skipped="0" failures="1">
  <properties>
[...]
</properties>
  <testcase name="getBanksList" classname="ru.greendata.tests.BankControllerTest" time="0.374"/>
  <testcase name="getFilteredBanksList" classname="ru.greendata.tests.BankControllerTest" time="0.078">
    <failure message="expected:&lt;200&gt; but was:&lt;400&gt;" type="java.lang.AssertionError"><![CDATA[java.lang.AssertionError: expected:<200> but was:<400>
	at ru.greendata.tests.BankControllerTest.getFilteredBanksList(BankControllerTest.java:105)
]]></failure>
    <system-out><![CDATA[2019-03-25 22:01:06.627  INFO 2168 --- [           main] o.s.b.t.m.w.SpringBootMockServletContext : Initializing Spring FrameworkServlet ''
2019-03-25 22:01:06.627  INFO 2168 --- [           main] o.s.t.web.servlet.TestDispatcherServlet  : FrameworkServlet '': initialization started
2019-03-25 22:01:06.627  INFO 2168 --- [           main] o.s.t.web.servlet.TestDispatcherServlet  : FrameworkServlet '': initialization completed in 0 ms
2019-03-25 22:01:06.690  WARN 2168 --- [           main] .w.s.m.s.DefaultHandlerExceptionResolver : Resolved [org.springframework.http.converter.HttpMessageNotReadableException: Required request body is missing: public org.springframework.http.ResponseEntity<java.util.List<ru.greendata.entities.Bank>> ru.greendata.controllers.BankController.showFilteredBanks(ru.greendata.entities.Bank)]

]]></system-out>
  </testcase>
</testsuite>